{"uuid":"6ce10997-671e-4765-935c-2187e7333ce7","historyId":"95d605bdd645c7fb39a311ad397cd2a4","testCaseId":"[engine:junit-vintage]/[runner:runners.StartTests]/[test:rO0ABXNyAClpby5jdWN1bWJlci5qdW5pdC5GZWF0dXJlUnVubmVyJEZlYXR1cmVJZAAAAAAAAAABAgABTAADdXJpdAAOTGphdmEvbmV0L1VSSTt4cHNyAAxqYXZhLm5ldC5VUkmsAXguQ55JqwMAAUwABnN0cmluZ3QAEkxqYXZhL2xhbmcvU3RyaW5nO3hwdABkZmlsZTovLy9EOi9KYXZhUHJvZy9DdWN1bWJlcl9KVW5pdF9QYWdlT2JqZWN0L3NyYy90ZXN0L3Jlc291cmNlcy9mZWF0dXJlcy9hY2NvdW50X21hbmFnZW1lbnQuZmVhdHVyZXg=]/[test:rO0ABXNyAChpby5jdWN1bWJlci5qdW5pdC5QaWNrbGVSdW5uZXJzJFBpY2tsZUlkAAAAAAAAAAECAAJJAApwaWNrbGVMaW5lTAADdXJpdAAOTGphdmEvbmV0L1VSSTt4cAAAACVzcgAMamF2YS5uZXQuVVJJrAF4LkOeSasDAAFMAAZzdHJpbmd0ABJMamF2YS9sYW5nL1N0cmluZzt4cHQAZGZpbGU6Ly8vRDovSmF2YVByb2cvQ3VjdW1iZXJfSlVuaXRfUGFnZU9iamVjdC9zcmMvdGVzdC9yZXNvdXJjZXMvZmVhdHVyZXMvYWNjb3VudF9tYW5hZ2VtZW50LmZlYXR1cmV4]","testCaseName":"John LOGIN to shop","labels":[{"name":"junit.platform.uniqueid","value":"[engine:junit-vintage]/[runner:runners.StartTests]/[test:rO0ABXNyAClpby5jdWN1bWJlci5qdW5pdC5GZWF0dXJlUnVubmVyJEZlYXR1cmVJZAAAAAAAAAABAgABTAADdXJpdAAOTGphdmEvbmV0L1VSSTt4cHNyAAxqYXZhLm5ldC5VUkmsAXguQ55JqwMAAUwABnN0cmluZ3QAEkxqYXZhL2xhbmcvU3RyaW5nO3hwdABkZmlsZTovLy9EOi9KYXZhUHJvZy9DdWN1bWJlcl9KVW5pdF9QYWdlT2JqZWN0L3NyYy90ZXN0L3Jlc291cmNlcy9mZWF0dXJlcy9hY2NvdW50X21hbmFnZW1lbnQuZmVhdHVyZXg=]/[test:rO0ABXNyAChpby5jdWN1bWJlci5qdW5pdC5QaWNrbGVSdW5uZXJzJFBpY2tsZUlkAAAAAAAAAAECAAJJAApwaWNrbGVMaW5lTAADdXJpdAAOTGphdmEvbmV0L1VSSTt4cAAAACVzcgAMamF2YS5uZXQuVVJJrAF4LkOeSasDAAFMAAZzdHJpbmd0ABJMamF2YS9sYW5nL1N0cmluZzt4cHQAZGZpbGU6Ly8vRDovSmF2YVByb2cvQ3VjdW1iZXJfSlVuaXRfUGFnZU9iamVjdC9zcmMvdGVzdC9yZXNvdXJjZXMvZmVhdHVyZXMvYWNjb3VudF9tYW5hZ2VtZW50LmZlYXR1cmV4]"},{"name":"host","value":"DESKTOP-H82LU54"},{"name":"thread","value":"5648@DESKTOP-H82LU54.main(1)"},{"name":"framework","value":"junit-platform"},{"name":"language","value":"java"}],"links":[],"name":"John LOGIN to shop","status":"broken","statusDetails":{"known":false,"muted":false,"flaky":false,"message":"Error communicating with the remote browser. It may have died.\nBuild info: version: '4.14.1', revision: '03f8ede370'\nSystem info: os.name: 'Windows 10', os.arch: 'amd64', os.version: '10.0', java.version: '17.0.8.1'\nDriver info: org.openqa.selenium.chrome.ChromeDriver\nCommand: [a5f951f8b24dc4b96f7a83e7111bf575, submitElement [id]]\nCapabilities {acceptInsecureCerts: false, browserName: chrome, browserVersion: 118.0.5993.70, chrome: {chromedriverVersion: 118.0.5993.70 (e52f33f30b91..., userDataDir: C:\\Users\\Stephan\\AppData\\Lo...}, fedcm:accounts: true, goog:chromeOptions: {debuggerAddress: localhost:45749}, networkConnectionEnabled: false, pageLoadStrategy: normal, platformName: windows, proxy: Proxy(), se:cdp: ws://localhost:45749/devtoo..., se:cdpVersion: 118.0.5993.70, setWindowRect: true, strictFileInteractability: false, timeouts: {implicit: 0, pageLoad: 300000, script: 30000}, unhandledPromptBehavior: dismiss and notify, webauthn:extension:credBlob: true, webauthn:extension:largeBlob: true, webauthn:extension:minPinLength: true, webauthn:extension:prf: true, webauthn:virtualAuthenticators: true}\nElement: [[ChromeDriver: chrome on windows (a5f951f8b24dc4b96f7a83e7111bf575)] -> xpath: //*[@data-qa='login-button']]\nSession ID: a5f951f8b24dc4b96f7a83e7111bf575","trace":"org.openqa.selenium.remote.UnreachableBrowserException: Error communicating with the remote browser. It may have died.\nBuild info: version: '4.14.1', revision: '03f8ede370'\nSystem info: os.name: 'Windows 10', os.arch: 'amd64', os.version: '10.0', java.version: '17.0.8.1'\nDriver info: org.openqa.selenium.chrome.ChromeDriver\nCommand: [a5f951f8b24dc4b96f7a83e7111bf575, submitElement [id]]\nCapabilities {acceptInsecureCerts: false, browserName: chrome, browserVersion: 118.0.5993.70, chrome: {chromedriverVersion: 118.0.5993.70 (e52f33f30b91..., userDataDir: C:\\Users\\Stephan\\AppData\\Lo...}, fedcm:accounts: true, goog:chromeOptions: {debuggerAddress: localhost:45749}, networkConnectionEnabled: false, pageLoadStrategy: normal, platformName: windows, proxy: Proxy(), se:cdp: ws://localhost:45749/devtoo..., se:cdpVersion: 118.0.5993.70, setWindowRect: true, strictFileInteractability: false, timeouts: {implicit: 0, pageLoad: 300000, script: 30000}, unhandledPromptBehavior: dismiss and notify, webauthn:extension:credBlob: true, webauthn:extension:largeBlob: true, webauthn:extension:minPinLength: true, webauthn:extension:prf: true, webauthn:virtualAuthenticators: true}\nElement: [[ChromeDriver: chrome on windows (a5f951f8b24dc4b96f7a83e7111bf575)] -> xpath: //*[@data-qa='login-button']]\nSession ID: a5f951f8b24dc4b96f7a83e7111bf575\r\n\tat org.openqa.selenium.remote.RemoteWebDriver.execute(RemoteWebDriver.java:629)\r\n\tat org.openqa.selenium.remote.RemoteWebElement.execute(RemoteWebElement.java:224)\r\n\tat org.openqa.selenium.remote.RemoteWebElement.submit(RemoteWebElement.java:83)\r\n\tat java.base/java.lang.reflect.Method.invoke(Method.java:568)\r\n\tat org.openqa.selenium.support.pagefactory.internal.LocatingElementHandler.invoke(LocatingElementHandler.java:51)\r\n\tat jdk.proxy2/jdk.proxy2.$Proxy21.submit(Unknown Source)\r\n\tat org.example.pages.LoginPage.loginButtonSubmit(LoginPage.java:71)\r\n\tat tests.LoginSteps.loginButtonTest(LoginSteps.java:13)\r\n\tat tests.stepsDefinitions.StepsDefinitions.johnPutAndInLoginForm(StepsDefinitions.java:129)\r\n\tat âœ½.John put \"Wick@mail.com\" and \"qasxdsewr\" in Login form(file:///D:/JavaProg/Cucumber_JUnit_PageObject/src/test/resources/features/account_management.feature:32)\r\nCaused by: java.io.UncheckedIOException: java.io.IOException: HTTP/1.1 header parser received no bytes\r\n\tat org.openqa.selenium.remote.http.jdk.JdkHttpClient.execute0(JdkHttpClient.java:443)\r\n\tat org.openqa.selenium.remote.http.AddSeleniumUserAgent.lambda$apply$0(AddSeleniumUserAgent.java:42)\r\n\tat org.openqa.selenium.remote.http.Filter.lambda$andFinally$1(Filter.java:55)\r\n\tat org.openqa.selenium.remote.http.jdk.JdkHttpClient.execute(JdkHttpClient.java:359)\r\n\tat org.openqa.selenium.remote.HttpCommandExecutor.execute(HttpCommandExecutor.java:188)\r\n\tat org.openqa.selenium.remote.service.DriverCommandExecutor.invokeExecute(DriverCommandExecutor.java:200)\r\n\tat org.openqa.selenium.remote.service.DriverCommandExecutor.execute(DriverCommandExecutor.java:175)\r\n\tat org.openqa.selenium.remote.RemoteWebDriver.execute(RemoteWebDriver.java:602)\r\n\tat org.openqa.selenium.remote.RemoteWebElement.execute(RemoteWebElement.java:224)\r\n\tat org.openqa.selenium.remote.RemoteWebElement.submit(RemoteWebElement.java:83)\r\n\tat java.base/java.lang.reflect.Method.invoke(Method.java:568)\r\n\tat org.openqa.selenium.support.pagefactory.internal.LocatingElementHandler.invoke(LocatingElementHandler.java:51)\r\n\tat jdk.proxy2/jdk.proxy2.$Proxy21.submit(Unknown Source)\r\n\tat org.example.pages.LoginPage.loginButtonSubmit(LoginPage.java:71)\r\n\tat tests.LoginSteps.loginButtonTest(LoginSteps.java:13)\r\n\tat tests.stepsDefinitions.StepsDefinitions.johnPutAndInLoginForm(StepsDefinitions.java:129)\r\n\tat java.base/java.lang.reflect.Method.invoke(Method.java:568)\r\n\tat io.cucumber.java.Invoker.doInvoke(Invoker.java:66)\r\n\tat io.cucumber.java.Invoker.invoke(Invoker.java:24)\r\n\tat io.cucumber.java.AbstractGlueDefinition.invokeMethod(AbstractGlueDefinition.java:47)\r\n\tat io.cucumber.java.JavaStepDefinition.execute(JavaStepDefinition.java:29)\r\n\tat io.cucumber.core.runner.CoreStepDefinition.execute(CoreStepDefinition.java:66)\r\n\tat io.cucumber.core.runner.PickleStepDefinitionMatch.runStep(PickleStepDefinitionMatch.java:63)\r\n\tat io.cucumber.core.runner.ExecutionMode$1.execute(ExecutionMode.java:10)\r\n\tat io.cucumber.core.runner.TestStep.executeStep(TestStep.java:84)\r\n\tat io.cucumber.core.runner.TestStep.run(TestStep.java:56)\r\n\tat io.cucumber.core.runner.PickleStepTestStep.run(PickleStepTestStep.java:51)\r\n\tat io.cucumber.core.runner.TestCase.run(TestCase.java:84)\r\n\tat io.cucumber.core.runner.Runner.runPickle(Runner.java:75)\r\n\tat io.cucumber.junit.PickleRunners$NoStepDescriptions.lambda$run$0(PickleRunners.java:151)\r\n\tat io.cucumber.core.runtime.CucumberExecutionContext.lambda$runTestCase$5(CucumberExecutionContext.java:137)\r\n\tat io.cucumber.core.runtime.RethrowingThrowableCollector.executeAndThrow(RethrowingThrowableCollector.java:23)\r\n\tat io.cucumber.core.runtime.CucumberExecutionContext.runTestCase(CucumberExecutionContext.java:137)\r\n\tat io.cucumber.junit.PickleRunners$NoStepDescriptions.run(PickleRunners.java:148)\r\n\tat io.cucumber.junit.FeatureRunner.runChild(FeatureRunner.java:144)\r\n\tat io.cucumber.junit.FeatureRunner.runChild(FeatureRunner.java:28)\r\n\tat io.cucumber.junit.FeatureRunner.run(FeatureRunner.java:137)\r\n\tat io.cucumber.junit.Cucumber.runChild(Cucumber.java:196)\r\n\tat io.cucumber.junit.Cucumber.runChild(Cucumber.java:89)\r\n\tat io.cucumber.core.runtime.CucumberExecutionContext.lambda$runFeatures$6(CucumberExecutionContext.java:148)\r\n\tat io.cucumber.core.runtime.CucumberExecutionContext.execute(CucumberExecutionContext.java:163)\r\n\tat io.cucumber.core.runtime.CucumberExecutionContext.runFeatures(CucumberExecutionContext.java:146)\r\n\tat io.cucumber.junit.Cucumber$StartAndFinishTestRun.evaluate(Cucumber.java:226)\r\nCaused by: java.io.IOException: HTTP/1.1 header parser received no bytes\r\n\tat java.net.http/jdk.internal.net.http.common.Utils.wrapWithExtraDetail(Utils.java:348)\r\n\tat java.net.http/jdk.internal.net.http.Http1Response$HeadersReader.onReadError(Http1Response.java:675)\r\n\tat java.net.http/jdk.internal.net.http.Http1AsyncReceiver.checkForErrors(Http1AsyncReceiver.java:302)\r\n\tat java.net.http/jdk.internal.net.http.Http1AsyncReceiver.flush(Http1AsyncReceiver.java:268)\r\n\tat java.net.http/jdk.internal.net.http.common.SequentialScheduler$LockingRestartableTask.run(SequentialScheduler.java:205)\r\n\tat java.net.http/jdk.internal.net.http.common.SequentialScheduler$CompleteRestartableTask.run(SequentialScheduler.java:149)\r\n\tat java.net.http/jdk.internal.net.http.common.SequentialScheduler$SchedulableTask.run(SequentialScheduler.java:230)\r\n\tat java.base/java.util.concurrent.ThreadPoolExecutor.runWorker(ThreadPoolExecutor.java:1136)\r\n\tat java.base/java.util.concurrent.ThreadPoolExecutor$Worker.run(ThreadPoolExecutor.java:635)\r\n\tat java.base/java.lang.Thread.run(Thread.java:833)\r\nCaused by: java.net.SocketException: Connection reset\r\n\tat java.base/sun.nio.ch.SocketChannelImpl.throwConnectionReset(SocketChannelImpl.java:394)\r\n\tat java.base/sun.nio.ch.SocketChannelImpl.read(SocketChannelImpl.java:426)\r\n\tat java.net.http/jdk.internal.net.http.SocketTube.readAvailable(SocketTube.java:1170)\r\n\tat java.net.http/jdk.internal.net.http.SocketTube$InternalReadPublisher$InternalReadSubscription.read(SocketTube.java:833)\r\n\tat java.net.http/jdk.internal.net.http.SocketTube$SocketFlowTask.run(SocketTube.java:181)\r\n\tat java.net.http/jdk.internal.net.http.common.SequentialScheduler$SchedulableTask.run(SequentialScheduler.java:230)\r\n\tat java.net.http/jdk.internal.net.http.common.SequentialScheduler.runOrSchedule(SequentialScheduler.java:303)\r\n\tat java.net.http/jdk.internal.net.http.common.SequentialScheduler.runOrSchedule(SequentialScheduler.java:256)\r\n\tat java.net.http/jdk.internal.net.http.SocketTube$InternalReadPublisher$InternalReadSubscription.signalReadable(SocketTube.java:774)\r\n\tat java.net.http/jdk.internal.net.http.SocketTube$InternalReadPublisher$ReadEvent.signalEvent(SocketTube.java:957)\r\n\tat java.net.http/jdk.internal.net.http.SocketTube$SocketFlowEvent.handle(SocketTube.java:253)\r\n\tat java.net.http/jdk.internal.net.http.HttpClientImpl$SelectorManager.handleEvent(HttpClientImpl.java:979)\r\n\tat java.net.http/jdk.internal.net.http.HttpClientImpl$SelectorManager.lambda$run$3(HttpClientImpl.java:934)\r\n\tat java.base/java.util.ArrayList.forEach(ArrayList.java:1511)\r\n\tat java.net.http/jdk.internal.net.http.HttpClientImpl$SelectorManager.run(HttpClientImpl.java:934)\r\n"},"stage":"finished","description":"","steps":[],"attachments":[],"parameters":[],"start":1697236910777,"stop":1697237022065}